Xinchin@Nelson MINGW64 /d/RD_Work/MyPractice/laravel_2006131010 (feature_webAuth)
$

Xinchin@Nelson MINGW64 /d/RD_Work/MyPractice/laravel_2006131010 (feature_webAuth)
$ composer require laravel/ui
Using version ^1.2 for laravel/ui
./composer.json has been updated
Loading composer repositories with package information
Updating dependencies (including require-dev)
Package operations: 1 install, 0 updates, 0 removals
  - Installing laravel/ui (v1.2.0): Loading from cache
Package jakub-onderka/php-console-color is abandoned, you should avoid using it. Use php-parallel-lint/php-console-color instead.
Package jakub-onderka/php-console-highlighter is abandoned, you should avoid using it. Use php-parallel-lint/php-console-highlighter instead.
Writing lock file
Generating optimized autoload files
> Illuminate\Foundation\ComposerScripts::postAutoloadDump
> @php artisan package:discover --ansi
Discovered Package: beyondcode/laravel-dump-server
Discovered Package: fideloper/proxy
Discovered Package: laravel/tinker
Discovered Package: laravel/ui
Discovered Package: nesbot/carbon
Discovered Package: nunomaduro/collision
Package manifest generated successfully.

Xinchin@Nelson MINGW64 /d/RD_Work/MyPractice/laravel_2006131010 (feature_webAuth)
$ php artisan ui vue --auth
Vue scaffolding installed successfully.
Please run "npm install && npm run dev" to compile your fresh scaffolding.
Authentication scaffolding generated successfully.

Xinchin@Nelson MINGW64 /d/RD_Work/MyPractice/laravel_2006131010 (feature_webAuth)
$ npm install && npm run dev
npm WARN deprecated popper.js@1.16.1: You can find the new Popper v2 at @popperjs/core, this package is dedicated to the legacy 
v1
npm WARN deprecated fsevents@1.2.13: fsevents 1 will break on node v14+ and could be using insecure binaries. Upgrade to fsevents 2.
npm notice created a lockfile as package-lock.json. You should commit this file.
npm WARN optional SKIPPING OPTIONAL DEPENDENCY: fsevents@^1.2.7 (node_modules\chokidar\node_modules\fsevents):
npm WARN notsup SKIPPING OPTIONAL DEPENDENCY: Unsupported platform for fsevents@1.2.13: wanted {"os":"darwin","arch":"any"} (current: {"os":"win32","arch":"x64"})
npm WARN notsup Unsupported engine for watchpack-chokidar2@2.0.0: wanted: {"node":"<8.10.0"} (current: {"node":"13.1.0","npm":"6.12.1"})
npm WARN notsup Not compatible with your version of node/npm: watchpack-chokidar2@2.0.0
npm WARN optional SKIPPING OPTIONAL DEPENDENCY: fsevents@~2.1.2 (node_modules\watchpack\node_modules\chokidar\node_modules\fsevents):
npm WARN notsup SKIPPING OPTIONAL DEPENDENCY: Unsupported platform for fsevents@2.1.3: wanted {"os":"darwin","arch":"any"} (current: {"os":"win32","arch":"x64"})
npm WARN sass-loader@8.0.2 requires a peer of node-sass@^4.0.0 but none is installed. You must install peer dependencies yourself.
npm WARN sass-loader@8.0.2 requires a peer of fibers@>= 3.1.0 but none is installed. You must install peer dependencies yourself.

added 1066 packages from 497 contributors and audited 1069 packages in 171.827s
found 1 low severity vulnerability
  run `npm audit fix` to fix them, or `npm audit` for details

> @ dev D:\RD_Work\MyPractice\laravel_2006131010
> npm run development


> @ development D:\RD_Work\MyPractice\laravel_2006131010
> cross-env NODE_ENV=development node_modules/webpack/bin/webpack.js --progress --hide-modules --config=node_modules/laravel-mix/setup/webpack.config.js

98% after emitting SizeLimitsPlugin

 ERROR  Failed to compile with 2 errors                                                                              下午8:29:50
 error  in ./resources/sass/app.scss

Module build failed (from ./node_modules/css-loader/index.js):
ModuleBuildError: Module build failed (from ./node_modules/sass-loader/dist/cjs.js):
ValidationError: Invalid options object. Sass Loader has been initialized using an options object that does not match the API schema.
 - options has an unknown property 'outputStyle'. These properties are valid:
   object { implementation?, sassOptions?, prependData?, sourceMap?, webpackImporter? }
    at validate (D:\RD_Work\MyPractice\laravel_2006131010\node_modules\schema-utils\dist\validate.js:96:11)
    at Object.loader (D:\RD_Work\MyPractice\laravel_2006131010\node_modules\sass-loader\dist\index.js:36:28)
    at D:\RD_Work\MyPractice\laravel_2006131010\node_modules\webpack\lib\NormalModule.js:316:20
    at D:\RD_Work\MyPractice\laravel_2006131010\node_modules\loader-runner\lib\LoaderRunner.js:367:11
    at D:\RD_Work\MyPractice\laravel_2006131010\node_modules\loader-runner\lib\LoaderRunner.js:233:18
    at runSyncOrAsync (D:\RD_Work\MyPractice\laravel_2006131010\node_modules\loader-runner\lib\LoaderRunner.js:143:3)
    at iterateNormalLoaders (D:\RD_Work\MyPractice\laravel_2006131010\node_modules\loader-runner\lib\LoaderRunner.js:232:2)     
    at D:\RD_Work\MyPractice\laravel_2006131010\node_modules\loader-runner\lib\LoaderRunner.js:205:4
    at D:\RD_Work\MyPractice\laravel_2006131010\node_modules\enhanced-resolve\lib\CachedInputFileSystem.js:85:15
    at processTicksAndRejections (internal/process/task_queues.js:75:11)

 error  in ./resources/sass/app.scss

Module build failed (from ./node_modules/sass-loader/dist/cjs.js):
ValidationError: Invalid options object. Sass Loader has been initialized using an options object that does not match the API schema.
 - options has an unknown property 'outputStyle'. These properties are valid:
   object { implementation?, sassOptions?, prependData?, sourceMap?, webpackImporter? }
    at validate (D:\RD_Work\MyPractice\laravel_2006131010\node_modules\schema-utils\dist\validate.js:96:11)
    at Object.loader (D:\RD_Work\MyPractice\laravel_2006131010\node_modules\sass-loader\dist\index.js:36:28)

 @ ./resources/sass/app.scss 2:14-253

     Asset     Size   Chunks             Chunk Names
/js/app.js  1.4 MiB  /js/app  [emitted]  /js/app

ERROR in ./resources/sass/app.scss
Module build failed (from ./node_modules/css-loader/index.js):
ModuleBuildError: Module build failed (from ./node_modules/sass-loader/dist/cjs.js):
ValidationError: Invalid options object. Sass Loader has been initialized using an options object that does not match the API schema.
 - options has an unknown property 'outputStyle'. These properties are valid:
   object { implementation?, sassOptions?, prependData?, sourceMap?, webpackImporter? }
    at validate (D:\RD_Work\MyPractice\laravel_2006131010\node_modules\schema-utils\dist\validate.js:96:11)
    at Object.loader (D:\RD_Work\MyPractice\laravel_2006131010\node_modules\sass-loader\dist\index.js:36:28)
    at D:\RD_Work\MyPractice\laravel_2006131010\node_modules\webpack\lib\NormalModule.js:316:20
    at D:\RD_Work\MyPractice\laravel_2006131010\node_modules\loader-runner\lib\LoaderRunner.js:367:11
    at D:\RD_Work\MyPractice\laravel_2006131010\node_modules\loader-runner\lib\LoaderRunner.js:233:18
    at runSyncOrAsync (D:\RD_Work\MyPractice\laravel_2006131010\node_modules\loader-runner\lib\LoaderRunner.js:143:3)
    at iterateNormalLoaders (D:\RD_Work\MyPractice\laravel_2006131010\node_modules\loader-runner\lib\LoaderRunner.js:232:2)     
    at D:\RD_Work\MyPractice\laravel_2006131010\node_modules\loader-runner\lib\LoaderRunner.js:205:4
    at D:\RD_Work\MyPractice\laravel_2006131010\node_modules\enhanced-resolve\lib\CachedInputFileSystem.js:85:15
    at processTicksAndRejections (internal/process/task_queues.js:75:11)
 @ ./resources/sass/app.scss

ERROR in ./resources/sass/app.scss (./node_modules/css-loader??ref--5-2!./node_modules/postcss-loader/src??postcss0!./node_modules/resolve-url-loader??ref--5-4!./node_modules/sass-loader/dist/cjs.js??ref--5-5!./resources/sass/app.scss)
Module build failed (from ./node_modules/sass-loader/dist/cjs.js):
ValidationError: Invalid options object. Sass Loader has been initialized using an options object that does not match the API schema.
 - options has an unknown property 'outputStyle'. These properties are valid:
   object { implementation?, sassOptions?, prependData?, sourceMap?, webpackImporter? }
    at validate (D:\RD_Work\MyPractice\laravel_2006131010\node_modules\schema-utils\dist\validate.js:96:11)
    at Object.loader (D:\RD_Work\MyPractice\laravel_2006131010\node_modules\sass-loader\dist\index.js:36:28)
 @ ./resources/sass/app.scss 2:14-253
npm ERR! code ELIFECYCLE
npm ERR! errno 2
npm ERR! @ development: `cross-env NODE_ENV=development node_modules/webpack/bin/webpack.js --progress --hide-modules --config=node_modules/laravel-mix/setup/webpack.config.js`
npm ERR! Exit status 2
npm ERR!
npm ERR! Failed at the @ development script.
npm ERR! This is probably not a problem with npm. There is likely additional logging output above.

npm ERR! A complete log of this run can be found in:
npm ERR!     C:\Users\Xinchin\AppData\Roaming\npm-cache\_logs\2020-06-14T12_29_54_420Z-debug.log
npm ERR! code ELIFECYCLE
npm ERR! errno 2
npm ERR! @ dev: `npm run development`
npm ERR! Exit status 2
npm ERR!
npm ERR! Failed at the @ dev script.
npm ERR! This is probably not a problem with npm. There is likely additional logging output above.

npm ERR! A complete log of this run can be found in:
npm ERR!     C:\Users\Xinchin\AppData\Roaming\npm-cache\_logs\2020-06-14T12_29_54_544Z-debug.log

Xinchin@Nelson MINGW64 /d/RD_Work/MyPractice/laravel_2006131010 (feature_webAuth)
$
